This is pdfTeX, Version 3.14159265-2.6-1.40.18 (MiKTeX 2.9.6600 64-bit) (preloaded format=pdflatex 2018.2.25)  24 NOV 2018 20:09
entering extended mode
**./synopsisAPD-Final.tex
(synopsisAPD-Final.tex
LaTeX2e <2017-04-15>
Babel <3.17> and hyphenation patterns for 75 language(s) loaded.
("C:\Program Files\MiKTeX 2.9\tex\latex\base\article.cls"
Document Class: article 2014/09/29 v1.4h Standard LaTeX document class
("C:\Program Files\MiKTeX 2.9\tex\latex\base\size12.clo"
File: size12.clo 2014/09/29 v1.4h Standard LaTeX file (size option)
)
\c@part=\count79
\c@section=\count80
\c@subsection=\count81
\c@subsubsection=\count82
\c@paragraph=\count83
\c@subparagraph=\count84
\c@figure=\count85
\c@table=\count86
\abovecaptionskip=\skip41
\belowcaptionskip=\skip42
\bibindent=\dimen102
)
("C:\Program Files\MiKTeX 2.9\tex\latex\graphics\graphicx.sty"
Package: graphicx 2017/06/01 v1.1a Enhanced LaTeX Graphics (DPC,SPQR)

("C:\Program Files\MiKTeX 2.9\tex\latex\graphics\keyval.sty"
Package: keyval 2014/10/28 v1.15 key=value parser (DPC)
\KV@toks@=\toks14
)
("C:\Program Files\MiKTeX 2.9\tex\latex\graphics\graphics.sty"
Package: graphics 2017/06/25 v1.2c Standard LaTeX Graphics (DPC,SPQR)

("C:\Program Files\MiKTeX 2.9\tex\latex\graphics\trig.sty"
Package: trig 2016/01/03 v1.10 sin cos tan (DPC)
)
("C:\Program Files\MiKTeX 2.9\tex\latex\graphics-cfg\graphics.cfg"
File: graphics.cfg 2016/06/04 v1.11 sample graphics configuration
)
Package graphics Info: Driver file: pdftex.def on input line 99.

("C:\Program Files\MiKTeX 2.9\tex\latex\graphics-def\pdftex.def"
File: pdftex.def 2018/01/08 v1.0l Graphics/color driver for pdftex
))
\Gin@req@height=\dimen103
\Gin@req@width=\dimen104
)
("C:\Program Files\MiKTeX 2.9\tex\latex\setspace\setspace.sty"
Package: setspace 2011/12/19 v6.7a set line spacing
)
("C:\Program Files\MiKTeX 2.9\tex\latex\geometry\geometry.sty"
Package: geometry 2010/09/12 v5.6 Page Geometry

("C:\Program Files\MiKTeX 2.9\tex\generic\oberdiek\ifpdf.sty"
Package: ifpdf 2017/03/15 v3.2 Provides the ifpdf switch
)
("C:\Program Files\MiKTeX 2.9\tex\generic\oberdiek\ifvtex.sty"
Package: ifvtex 2016/05/16 v1.6 Detect VTeX and its facilities (HO)
Package ifvtex Info: VTeX not detected.
)
("C:\Program Files\MiKTeX 2.9\tex\generic\ifxetex\ifxetex.sty"
Package: ifxetex 2010/09/12 v0.6 Provides ifxetex conditional
)
\Gm@cnth=\count87
\Gm@cntv=\count88
\c@Gm@tempcnt=\count89
\Gm@bindingoffset=\dimen105
\Gm@wd@mp=\dimen106
\Gm@odd@mp=\dimen107
\Gm@even@mp=\dimen108
\Gm@layoutwidth=\dimen109
\Gm@layoutheight=\dimen110
\Gm@layouthoffset=\dimen111
\Gm@layoutvoffset=\dimen112
\Gm@dimlist=\toks15

("C:\Program Files\MiKTeX 2.9\tex\latex\geometry\geometry.cfg"))
("C:\Program Files\MiKTeX 2.9\tex\latex\amsmath\amsmath.sty"
Package: amsmath 2017/09/02 v2.17a AMS math features
\@mathmargin=\skip43

For additional information on amsmath, use the `?' option.
("C:\Program Files\MiKTeX 2.9\tex\latex\amsmath\amstext.sty"
Package: amstext 2000/06/29 v2.01 AMS text

("C:\Program Files\MiKTeX 2.9\tex\latex\amsmath\amsgen.sty"
File: amsgen.sty 1999/11/30 v2.0 generic functions
\@emptytoks=\toks16
\ex@=\dimen113
))
("C:\Program Files\MiKTeX 2.9\tex\latex\amsmath\amsbsy.sty"
Package: amsbsy 1999/11/29 v1.2d Bold Symbols
\pmbraise@=\dimen114
)
("C:\Program Files\MiKTeX 2.9\tex\latex\amsmath\amsopn.sty"
Package: amsopn 2016/03/08 v2.02 operator names
)
\inf@bad=\count90
LaTeX Info: Redefining \frac on input line 213.
\uproot@=\count91
\leftroot@=\count92
LaTeX Info: Redefining \overline on input line 375.
\classnum@=\count93
\DOTSCASE@=\count94
LaTeX Info: Redefining \ldots on input line 472.
LaTeX Info: Redefining \dots on input line 475.
LaTeX Info: Redefining \cdots on input line 596.
\Mathstrutbox@=\box26
\strutbox@=\box27
\big@size=\dimen115
LaTeX Font Info:    Redeclaring font encoding OML on input line 712.
LaTeX Font Info:    Redeclaring font encoding OMS on input line 713.
\macc@depth=\count95
\c@MaxMatrixCols=\count96
\dotsspace@=\muskip10
\c@parentequation=\count97
\dspbrk@lvl=\count98
\tag@help=\toks17
\row@=\count99
\column@=\count100
\maxfields@=\count101
\andhelp@=\toks18
\eqnshift@=\dimen116
\alignsep@=\dimen117
\tagshift@=\dimen118
\tagwidth@=\dimen119
\totwidth@=\dimen120
\lineht@=\dimen121
\@envbody=\toks19
\multlinegap=\skip44
\multlinetaggap=\skip45
\mathdisplay@stack=\toks20
LaTeX Info: Redefining \[ on input line 2817.
LaTeX Info: Redefining \] on input line 2818.
)
("C:\Program Files\MiKTeX 2.9\tex\latex\amsfonts\amsfonts.sty"
Package: amsfonts 2013/01/14 v3.01 Basic AMSFonts support
\symAMSa=\mathgroup4
\symAMSb=\mathgroup5
LaTeX Font Info:    Overwriting math alphabet `\mathfrak' in version `bold'
(Font)                  U/euf/m/n --> U/euf/b/n on input line 106.
)
("C:\Program Files\MiKTeX 2.9\tex\latex\amsfonts\amssymb.sty"
Package: amssymb 2013/01/14 v3.01 AMS font symbols
)
("C:\Program Files\MiKTeX 2.9\tex\latex\tools\bm.sty"
Package: bm 2017/01/16 v1.2c Bold Symbol Support (DPC/FMi)
\symboldoperators=\mathgroup6
\symboldletters=\mathgroup7
\symboldsymbols=\mathgroup8
LaTeX Font Info:    Redeclaring math alphabet \mathbf on input line 141.
LaTeX Info: Redefining \bm on input line 207.
)
("C:\Program Files\MiKTeX 2.9\tex\latex\caption\caption.sty"
Package: caption 2016/02/21 v3.3-144 Customizing captions (AR)

("C:\Program Files\MiKTeX 2.9\tex\latex\caption\caption3.sty"
Package: caption3 2016/05/22 v1.7-166 caption3 kernel (AR)
Package caption3 Info: TeX engine: e-TeX on input line 67.
\captionmargin=\dimen122
\captionmargin@=\dimen123
\captionwidth=\dimen124
\caption@tempdima=\dimen125
\caption@indent=\dimen126
\caption@parindent=\dimen127
\caption@hangindent=\dimen128
)
\c@ContinuedFloat=\count102
)
("C:\Program Files\MiKTeX 2.9\tex\latex\base\fontenc.sty"
Package: fontenc 2017/04/05 v2.0i Standard LaTeX package

("C:\Program Files\MiKTeX 2.9\tex\latex\base\t1enc.def"
File: t1enc.def 2017/04/05 v2.0i Standard LaTeX file
LaTeX Font Info:    Redeclaring font encoding T1 on input line 48.
))
(synopsisAPD-Final.aux)
\openout1 = `synopsisAPD-Final.aux'.

LaTeX Font Info:    Checking defaults for OML/cmm/m/it on input line 14.
LaTeX Font Info:    ... okay on input line 14.
LaTeX Font Info:    Checking defaults for T1/cmr/m/n on input line 14.
LaTeX Font Info:    ... okay on input line 14.
LaTeX Font Info:    Checking defaults for OT1/cmr/m/n on input line 14.
LaTeX Font Info:    ... okay on input line 14.
LaTeX Font Info:    Checking defaults for OMS/cmsy/m/n on input line 14.
LaTeX Font Info:    ... okay on input line 14.
LaTeX Font Info:    Checking defaults for OMX/cmex/m/n on input line 14.
LaTeX Font Info:    ... okay on input line 14.
LaTeX Font Info:    Checking defaults for U/cmr/m/n on input line 14.
LaTeX Font Info:    ... okay on input line 14.

("C:\Program Files\MiKTeX 2.9\tex\context\base\supp-pdf.mkii"
[Loading MPS to PDF converter (version 2006.09.02).]
\scratchcounter=\count103
\scratchdimen=\dimen129
\scratchbox=\box28
\nofMPsegments=\count104
\nofMParguments=\count105
\everyMPshowfont=\toks21
\MPscratchCnt=\count106
\MPscratchDim=\dimen130
\MPnumerator=\count107
\makeMPintoPDFobject=\count108
\everyMPtoPDFconversion=\toks22
) ("C:\Program Files\MiKTeX 2.9\tex\latex\oberdiek\epstopdf-base.sty"
Package: epstopdf-base 2016/05/15 v2.6 Base part for package epstopdf

("C:\Program Files\MiKTeX 2.9\tex\generic\oberdiek\infwarerr.sty"
Package: infwarerr 2016/05/16 v1.4 Providing info/warning/error messages (HO)
)
("C:\Program Files\MiKTeX 2.9\tex\latex\oberdiek\grfext.sty"
Package: grfext 2016/05/16 v1.2 Manage graphics extensions (HO)

("C:\Program Files\MiKTeX 2.9\tex\generic\oberdiek\kvdefinekeys.sty"
Package: kvdefinekeys 2016/05/16 v1.4 Define keys (HO)

("C:\Program Files\MiKTeX 2.9\tex\generic\oberdiek\ltxcmds.sty"
Package: ltxcmds 2016/05/16 v1.23 LaTeX kernel commands for general use (HO)
)))
("C:\Program Files\MiKTeX 2.9\tex\latex\oberdiek\kvoptions.sty"
Package: kvoptions 2016/05/16 v3.12 Key value format for package options (HO)

("C:\Program Files\MiKTeX 2.9\tex\generic\oberdiek\kvsetkeys.sty"
Package: kvsetkeys 2016/05/16 v1.17 Key value parser (HO)

("C:\Program Files\MiKTeX 2.9\tex\generic\oberdiek\etexcmds.sty"
Package: etexcmds 2016/05/16 v1.6 Avoid name clashes with e-TeX commands (HO)

("C:\Program Files\MiKTeX 2.9\tex\generic\oberdiek\ifluatex.sty"
Package: ifluatex 2016/05/16 v1.4 Provides the ifluatex switch (HO)
Package ifluatex Info: LuaTeX not detected.
)
Package etexcmds Info: Could not find \expanded.
(etexcmds)             That can mean that you are not using pdfTeX 1.50 or
(etexcmds)             that some package has redefined \expanded.
(etexcmds)             In the latter case, load this package earlier.
)))
("C:\Program Files\MiKTeX 2.9\tex\generic\oberdiek\pdftexcmds.sty"
Package: pdftexcmds 2018/01/21 v0.26 Utility functions of pdfTeX for LuaTeX (HO
)
Package pdftexcmds Info: LuaTeX not detected.
Package pdftexcmds Info: \pdf@primitive is available.
Package pdftexcmds Info: \pdf@ifprimitive is available.
Package pdftexcmds Info: \pdfdraftmode found.
)
Package epstopdf-base Info: Redefining graphics rule for `.eps' on input line 4
38.
Package grfext Info: Graphics extension search list:
(grfext)             [.pdf,.png,.jpg,.mps,.jpeg,.jbig2,.jb2,.PDF,.PNG,.JPG,.JPE
G,.JBIG2,.JB2,.eps]
(grfext)             \AppendGraphicsExtensions on input line 456.
)
*geometry* driver: auto-detecting
*geometry* detected driver: pdftex
*geometry* verbose mode - [ preamble ] result:
* driver: pdftex
* paper: a4paper
* layout: <same size as paper>
* layoutoffset:(h,v)=(0.0pt,0.0pt)
* modes: twoside 
* h-part:(L,W,R)=(108.405pt, 416.83289pt, 72.26999pt)
* v-part:(T,H,B)=(72.26999pt, 700.50687pt, 72.26999pt)
* \paperwidth=597.50787pt
* \paperheight=845.04684pt
* \textwidth=416.83289pt
* \textheight=700.50687pt
* \oddsidemargin=36.13501pt
* \evensidemargin=0.0pt
* \topmargin=-37.0pt
* \headheight=12.0pt
* \headsep=25.0pt
* \topskip=12.0pt
* \footskip=30.0pt
* \marginparwidth=35.0pt
* \marginparsep=10.0pt
* \columnsep=10.0pt
* \skip\footins=10.8pt plus 4.0pt minus 2.0pt
* \hoffset=0.0pt
* \voffset=0.0pt
* \mag=1000
* \@twocolumnfalse
* \@twosidetrue
* \@mparswitchtrue
* \@reversemarginfalse
* (1in=72.27pt=25.4mm, 1cm=28.453pt)

Package caption Info: Begin \AtBeginDocument code.
Package caption Info: End \AtBeginDocument code.
(coverSyn.tex
Package epstopdf Info: Source file: <fig/iitlogo.eps>
(epstopdf)                    date: 2012-11-16 12:19:26
(epstopdf)                    size: 159377 bytes
(epstopdf)             Output file: <fig/iitlogo-eps-converted-to.pdf>
(epstopdf)                    date: 2018-10-23 19:06:16
(epstopdf)                    size: 32055 bytes
(epstopdf)             Command: <epstopdf --outfile=fig/iitlogo-eps-converted-t
o.pdf fig/iitlogo.eps>
(epstopdf)             \includegraphics on input line 23.
Package epstopdf Info: Output file is already uptodate.
<fig/iitlogo-eps-converted-to.pdf, id=1, 451.6875pt x 459.7175pt>
File: fig/iitlogo-eps-converted-to.pdf Graphic file (type pdf)
<use fig/iitlogo-eps-converted-to.pdf>
Package pdftex.def Info: fig/iitlogo-eps-converted-to.pdf  used on input line 2
3.
(pdftex.def)             Requested size: 135.5073pt x 137.9163pt.
 [1

{C:/Users/APDAS/AppData/Local/MiKTeX/2.9/pdftex/config/pdftex.map} <./fig/iitlo
go-eps-converted-to.pdf>])
Underfull \hbox (badness 10000) in paragraph at lines 18--19

 []

[2]
<fig/robo3Dmodel.png, id=17, 747.54282pt x 481.8pt>
File: fig/robo3Dmodel.png Graphic file (type png)
<use fig/robo3Dmodel.png>
Package pdftex.def Info: fig/robo3Dmodel.png  used on input line 31.
(pdftex.def)             Requested size: 333.46758pt x 214.92596pt.
<fig/roboActualN.jpg, id=19, 1968.35374pt x 1526.70375pt>
File: fig/roboActualN.jpg Graphic file (type jpg)
<use fig/roboActualN.jpg>
Package pdftex.def Info: fig/roboActualN.jpg  used on input line 38.
(pdftex.def)             Requested size: 291.78174pt x 226.2934pt.
 [3]
LaTeX Font Info:    Try loading font information for U+msa on input line 74.
 ("C:\Program Files\MiKTeX 2.9\tex\latex\amsfonts\umsa.fd"
File: umsa.fd 2013/01/14 v3.01 AMS symbols A
)
LaTeX Font Info:    Try loading font information for U+msb on input line 74.

("C:\Program Files\MiKTeX 2.9\tex\latex\amsfonts\umsb.fd"
File: umsb.fd 2013/01/14 v3.01 AMS symbols B
) [4 <./fig/robo3Dmodel.png>] [5 <./fig/roboActualN.jpg>]
<fig/controlblock.png, id=34, 1154.06157pt x 476.53032pt>
File: fig/controlblock.png Graphic file (type png)
<use fig/controlblock.png>
Package pdftex.def Info: fig/controlblock.png  used on input line 108.
(pdftex.def)             Requested size: 416.83289pt x 172.11794pt.
 [6]
<fig/kinvec.png, id=40, 414.79968pt x 347.79938pt>
File: fig/kinvec.png Graphic file (type png)
<use fig/kinvec.png>
Package pdftex.def Info: fig/kinvec.png  used on input line 121.
(pdftex.def)             Requested size: 325.215pt x 272.69408pt.
 [7 <./fig/controlblock.png>]
<fig/delayMeasureNew.jpg, id=47, 2074.75125pt x 1300.86pt>
File: fig/delayMeasureNew.jpg Graphic file (type jpg)
<use fig/delayMeasureNew.jpg>
Package pdftex.def Info: fig/delayMeasureNew.jpg  used on input line 139.
(pdftex.def)             Requested size: 187.57352pt x 117.60828pt.
<fig/BlockTimeDelay.png, id=48, 794.2172pt x 523.20468pt>
File: fig/BlockTimeDelay.png Graphic file (type png)
<use fig/BlockTimeDelay.png>
Package pdftex.def Info: fig/BlockTimeDelay.png  used on input line 145.
(pdftex.def)             Requested size: 206.33202pt x 135.92622pt.
 [8 <./fig/kinvec.png>]
<fig/Delay500milsec.png, id=53, 422.32782pt x 316.18124pt>
File: fig/Delay500milsec.png Graphic file (type png)
<use fig/Delay500milsec.png>
Package pdftex.def Info: fig/Delay500milsec.png  used on input line 155.
(pdftex.def)             Requested size: 208.41644pt x 156.03497pt.
<fig/Delay800milsec.png, id=54, 422.32782pt x 316.18124pt>
File: fig/Delay800milsec.png Graphic file (type png)
<use fig/Delay800milsec.png>
Package pdftex.def Info: fig/Delay800milsec.png  used on input line 162.
(pdftex.def)             Requested size: 208.41644pt x 156.03497pt.

Overfull \hbox (2.61049pt too wide) in paragraph at lines 154--166
[]$[]$  $[]$ 
 []

<fig/withPrediction08delay.jpg, id=55, 563.10374pt x 421.575pt>
File: fig/withPrediction08delay.jpg Graphic file (type jpg)
<use fig/withPrediction08delay.jpg>
Package pdftex.def Info: fig/withPrediction08delay.jpg  used on input line 172.

(pdftex.def)             Requested size: 208.41644pt x 156.03175pt.
<fig/PredictorBlockDig.png, id=56, 494.59781pt x 394.47375pt>
File: fig/PredictorBlockDig.png Graphic file (type png)
<use fig/PredictorBlockDig.png>
Package pdftex.def Info: fig/PredictorBlockDig.png  used on input line 177.
(pdftex.def)             Requested size: 208.41644pt x 166.22559pt.

Overfull \hbox (2.61049pt too wide) in paragraph at lines 171--181
[]$[]$ $[]$ 
 []

[9 <./fig/delayMeasureNew.jpg> <./fig/BlockTimeDelay.png> <./fig/Delay500milsec
.png> <./fig/Delay800milsec.png>]
<fig/pcdT.png, id=62, 751.30687pt x 445.665pt>
File: fig/pcdT.png Graphic file (type png)
<use fig/pcdT.png>
Package pdftex.def Info: fig/pcdT.png  used on input line 190.
(pdftex.def)             Requested size: 191.86157pt x 113.81102pt.
<fig/pcdT_p.png, id=63, 1014.03844pt x 532.99126pt>
File: fig/pcdT_p.png Graphic file (type png)
<use fig/pcdT_p.png>
Package pdftex.def Info: fig/pcdT_p.png  used on input line 195.
(pdftex.def)             Requested size: 216.52861pt x 113.81102pt.

Overfull \hbox (8.11217pt too wide) in paragraph at lines 195--196
[][] 
 []


Overfull \hbox (2.61049pt too wide) in paragraph at lines 189--199
[]$[]$ $[]$ 
 []

[10 <./fig/withPrediction08delay.jpg> <./fig/PredictorBlockDig.png>]
(synopsisAPD-Final.bbl [11 <./fig/pcdT.png> <./fig/pcdT_p.png>] [12] [13])
[14] (synopsisAPD-Final.aux) ) 
Here is how much of TeX's memory you used:
 4332 strings out of 493303
 62752 string characters out of 3138856
 128541 words of memory out of 3000000
 7793 multiletter control sequences out of 15000+200000
 17140 words of font info for 49 fonts, out of 3000000 for 9000
 1141 hyphenation exceptions out of 8191
 41i,9n,39p,1524b,353s stack positions out of 5000i,500n,10000p,200000b,50000s
 <C:\Users\APDAS\AppData\Local\MiKTeX\2.9\fonts\p
k\ljfour\jknappen\ec\dpi600\ecti1200.pk> <C:\Users\APDAS\AppData\Local\MiKTeX\2
.9\fonts\pk\ljfour\jknappen\ec\dpi600\ecbx1728.pk> <C:\Users\APDAS\AppData\Loca
l\MiKTeX\2.9\fonts\pk\ljfour\jknappen\ec\dpi600\ecrm1200.pk> <C:\Users\APDAS\Ap
pData\Local\MiKTeX\2.9\fonts\pk\ljfour\jknappen\ec\dpi600\ecrm1440.pk> <C:\User
s\APDAS\AppData\Local\MiKTeX\2.9\fonts\pk\ljfour\jknappen\ec\dpi600\ecbx1440.pk
> <C:\Users\APDAS\AppData\Local\MiKTeX\2.9\fonts\pk\ljfour\jknappen\ec\dpi600\e
crm1728.pk> <C:\Users\APDAS\AppData\Local\MiKTeX\2.9\fonts\pk\ljfour\jknappen\e
c\dpi600\ecbx2074.pk><C:/Program Files/MiKTeX 2.9/fonts/type1/public/amsfonts/c
m/cmmi12.pfb><C:/Program Files/MiKTeX 2.9/fonts/type1/public/amsfonts/cm/cmmi8.
pfb><C:/Program Files/MiKTeX 2.9/fonts/type1/public/amsfonts/cm/cmr12.pfb><C:/P
rogram Files/MiKTeX 2.9/fonts/type1/public/amsfonts/cm/cmr8.pfb><C:/Program Fil
es/MiKTeX 2.9/fonts/type1/public/amsfonts/cm/cmsy10.pfb><C:/Program Files/MiKTe
X 2.9/fonts/type1/public/amsfonts/cm/cmsy8.pfb>
Output written on synopsisAPD-Final.pdf (14 pages, 5641681 bytes).
PDF statistics:
 395 PDF objects out of 1000 (max. 8388607)
 0 named destinations out of 1000 (max. 500000)
 66 words of extra memory for PDF output out of 10000 (max. 10000000)

